<?xml version="1.0" encoding="UTF-8"?>
<!-- Generated by org.testng.reporters.JUnitReportReporter -->
<testsuite hostname="DVCINH6090522" failures="0" tests="2" name="testcases.ThreadTest" time="23.325" errors="0" timestamp="2024-08-24T23:33:27 IST" skipped="0">
  <testcase classname="testcases.ThreadTest" name="launchBrowser" time="11.521"/>
  <testcase classname="testcases.ThreadTest" name="launchBrowser" time="11.804"/>
</testsuite> <!-- testcases.ThreadTest -->
